#
# A fatal error has been detected by the Java Runtime Environment:
#
#  EXCEPTION_IN_PAGE_ERROR (0xc0000006) at pc=0x000000005fb7a220, pid=2792, tid=0x0000000000000984
#
# JRE version: Java(TM) SE Runtime Environment (8.0_121-b13) (build 1.8.0_121-b13)
# Java VM: Java HotSpot(TM) 64-Bit Server VM (25.121-b13 mixed mode windows-amd64 compressed oops)
# Problematic frame:
# V  [jvm.dll+0x10a220]
#
# Failed to write core dump. Minidumps are not enabled by default on client versions of Windows
#
# If you would like to submit a bug report, please visit:
#   http://bugreport.java.com/bugreport/crash.jsp
#

---------------  T H R E A D  ---------------

Current thread (0x00000000588eb000):  JavaThread "C1 CompilerThread2" daemon [_thread_in_vm, id=2436, stack(0x00000000594c0000,0x00000000595c0000)]

siginfo: ExceptionCode=0xc0000006, ExceptionInformation=0x0000000000000008 0x000000005fb7a220 0x00000000c0000185 

Registers:
RAX=0x000000005ec02190, RBX=0x00000000595bf248, RCX=0x0000000016f5d8e0, RDX=0x0000000003a6b910
RSP=0x00000000595bee98, RBP=0x0000000000000002, RSI=0x0000000002059300, RDI=0x0000000002059400
R8 =0x0000000000000003, R9 =0x0000000057512fa0, R10=0x000000005ec02360, R11=0x0000000000000006
R12=0x00000000595bf580, R13=0x00000000588eb000, R14=0x000000005ec02360, R15=0x0000000003a6b910
RIP=0x000000005fb7a220, EFLAGS=0x0000000000010246

Top of Stack: (sp=0x00000000595bee98)
0x00000000595bee98:   000000005faa1143 00000000595bf248
0x00000000595beea8:   0000000002059300 000000000000000b
0x00000000595beeb8:   0000000000000000 00000000000000c0
0x00000000595beec8:   00000000588ee1e0 00000000588f1b80
0x00000000595beed8:   00000000595bf248 000000000000001c
0x00000000595beee8:   00000000588f1b30 00000000595bf1f0
0x00000000595beef8:   00000000595bf208 0000000057525040
0x00000000595bef08:   0000000000000003 00000000588ecf60
0x00000000595bef18:   0000000000000000 0000000060244960
0x00000000595bef28:   000000005ec02360 00000000588eb000
0x00000000595bef38:   000000005ec02360 00000000588eb000
0x00000000595bef48:   000000005fe7e2df 000000000000002a
0x00000000595bef58:   0000000000000150 000000005ea4d8f0
0x00000000595bef68:   00000000588ee1e0 0000000000000000
0x00000000595bef78:   0000000057525040 0000000000000001
0x00000000595bef88:   00000000609789d0 0000000000000038 

Instructions: (pc=0x000000005fb7a220)
0x000000005fb7a200:   24 48 48 8b ac 24 80 00 00 00 4c 8b 64 24 40 48
0x000000005fb7a210:   83 c4 50 41 5f 5f 5b c3 cc cc cc cc cc cc cc cc
0x000000005fb7a220:   48 89 5c 24 18 57 41 54 41 55 48 83 ec 20 4c 8b
0x000000005fb7a230:   e9 48 8b 0d a0 2c 70 00 4c 8b e2 e8 20 d3 10 00 


Register to memory mapping:

RAX=0x000000005ec02190 is pointing into metadata
RBX=0x00000000595bf248 is pointing into the stack for thread: 0x00000000588eb000
RCX=0x0000000016f5d8e0 is pointing into metadata
RDX=0x0000000003a6b910 is at entry_point+-976 in (nmethod*)0x0000000003a6b910
RSP=0x00000000595bee98 is pointing into the stack for thread: 0x00000000588eb000
RBP=0x0000000000000002 is an unknown value
RSI=0x0000000002059300 is an unknown value
RDI=0x0000000002059400 is an unknown value
R8 =0x0000000000000003 is an unknown value
R9 =0x0000000057512fa0 is an unknown value
R10={method} {0x000000005ec02368} 'run' '()V' in 'org/apache/tomcat/util/net/NioEndpoint$Poller'
R11=0x0000000000000006 is an unknown value
R12=0x00000000595bf580 is pointing into the stack for thread: 0x00000000588eb000
R13=0x00000000588eb000 is a thread
R14={method} {0x000000005ec02368} 'run' '()V' in 'org/apache/tomcat/util/net/NioEndpoint$Poller'
R15=0x0000000003a6b910 is at entry_point+-976 in (nmethod*)0x0000000003a6b910


Stack: [0x00000000594c0000,0x00000000595c0000],  sp=0x00000000595bee98,  free space=1019k
Native frames: (J=compiled Java code, j=interpreted, Vv=VM code, C=native code)
V  [jvm.dll+0x10a220]
V  [jvm.dll+0x31143]
V  [jvm.dll+0x40da69]
V  [jvm.dll+0x40ea24]
V  [jvm.dll+0x40ebd1]
V  [jvm.dll+0x40eddf]
V  [jvm.dll+0xa5ca2]
V  [jvm.dll+0xa65df]
V  [jvm.dll+0x244e1f]
V  [jvm.dll+0x29c69a]
C  [msvcr100.dll+0x21d9f]
C  [msvcr100.dll+0x21e3b]
C  [kernel32.dll+0x1652d]
C  [ntdll.dll+0x2c521]


Current CompileTask:
C1:152704103 6139 % !   3       org.apache.tomcat.util.net.NioEndpoint$Poller::run @ 0 (263 bytes)


---------------  P R O C E S S  ---------------

Java Threads: ( => current thread )
  0x00000000610ce000 JavaThread "DestroyJavaVM" [_thread_blocked, id=8720, stack(0x0000000002530000,0x0000000002630000)]
  0x00000000610cd000 JavaThread "http-nio-8080-AsyncTimeout" daemon [_thread_blocked, id=5212, stack(0x00000000646f0000,0x00000000647f0000)]
  0x000000005b21a800 JavaThread "http-nio-8080-Acceptor-0" daemon [_thread_in_native, id=6812, stack(0x0000000064960000,0x0000000064a60000)]
  0x000000005b219800 JavaThread "http-nio-8080-ClientPoller-1" daemon [_thread_in_native, id=8452, stack(0x0000000064800000,0x0000000064900000)]
  0x000000005b219000 JavaThread "http-nio-8080-ClientPoller-0" daemon [_thread_in_native, id=7660, stack(0x00000000645a0000,0x00000000646a0000)]
  0x000000005b218000 JavaThread "http-nio-8080-exec-10" daemon [_thread_blocked, id=9160, stack(0x00000000643f0000,0x00000000644f0000)]
  0x000000005b217800 JavaThread "http-nio-8080-exec-9" daemon [_thread_blocked, id=8232, stack(0x00000000641b0000,0x00000000642b0000)]
  0x000000005b216800 JavaThread "http-nio-8080-exec-8" daemon [_thread_blocked, id=6280, stack(0x0000000063840000,0x0000000063940000)]
  0x000000005b216000 JavaThread "http-nio-8080-exec-7" daemon [_thread_blocked, id=8980, stack(0x0000000063fd0000,0x00000000640d0000)]
  0x000000005b215000 JavaThread "http-nio-8080-exec-6" daemon [_thread_blocked, id=5536, stack(0x0000000063e90000,0x0000000063f90000)]
  0x000000005b214800 JavaThread "http-nio-8080-exec-5" daemon [_thread_blocked, id=3508, stack(0x0000000063d70000,0x0000000063e70000)]
  0x000000005b213800 JavaThread "http-nio-8080-exec-4" daemon [_thread_blocked, id=8624, stack(0x0000000063c30000,0x0000000063d30000)]
  0x000000005d05e000 JavaThread "http-nio-8080-exec-3" daemon [_thread_blocked, id=9120, stack(0x0000000063b20000,0x0000000063c20000)]
  0x000000005d05d000 JavaThread "http-nio-8080-exec-2" daemon [_thread_blocked, id=8604, stack(0x0000000063950000,0x0000000063a50000)]
  0x000000005d05c800 JavaThread "http-nio-8080-exec-1" daemon [_thread_blocked, id=8636, stack(0x0000000063720000,0x0000000063820000)]
  0x000000005d05b800 JavaThread "NioBlockingSelector.BlockPoller-1" daemon [_thread_in_native, id=8296, stack(0x0000000062680000,0x0000000062780000)]
  0x000000005d05a800 JavaThread "Live Reload Server" daemon [_thread_in_native, id=8144, stack(0x0000000063130000,0x0000000063230000)]
  0x000000005d05a000 JavaThread "File Watcher" daemon [_thread_blocked, id=8188, stack(0x0000000059fc0000,0x000000005a0c0000)]
  0x000000005d058800 JavaThread "HikariPool-1 housekeeper" daemon [_thread_blocked, id=8140, stack(0x0000000062540000,0x0000000062640000)]
  0x0000000059896800 JavaThread "container-0" [_thread_blocked, id=7572, stack(0x000000005f5b0000,0x000000005f6b0000)]
  0x0000000059823000 JavaThread "ContainerBackgroundProcessor[StandardEngine[Tomcat]]" daemon [_thread_blocked, id=4868, stack(0x000000005bbf0000,0x000000005bcf0000)]
  0x0000000059864800 JavaThread "Monitor Ctrl-Break" daemon [_thread_in_native, id=9140, stack(0x000000005a120000,0x000000005a220000)]
  0x000000005895a000 JavaThread "Service Thread" daemon [_thread_blocked, id=3504, stack(0x00000000591c0000,0x00000000592c0000)]
=>0x00000000588eb000 JavaThread "C1 CompilerThread2" daemon [_thread_in_vm, id=2436, stack(0x00000000594c0000,0x00000000595c0000)]
  0x00000000588e8800 JavaThread "C2 CompilerThread1" daemon [_thread_blocked, id=9164, stack(0x00000000592f0000,0x00000000593f0000)]
  0x00000000588e3000 JavaThread "C2 CompilerThread0" daemon [_thread_blocked, id=9012, stack(0x0000000059030000,0x0000000059130000)]
  0x00000000588e0800 JavaThread "Attach Listener" daemon [_thread_blocked, id=5792, stack(0x0000000058ef0000,0x0000000058ff0000)]
  0x0000000057529800 JavaThread "Signal Dispatcher" daemon [_thread_blocked, id=8972, stack(0x0000000058d20000,0x0000000058e20000)]
  0x0000000057510000 JavaThread "Finalizer" daemon [_thread_blocked, id=8288, stack(0x0000000058650000,0x0000000058750000)]
  0x00000000574c9000 JavaThread "Reference Handler" daemon [_thread_blocked, id=3740, stack(0x00000000587e0000,0x00000000588e0000)]

Other Threads:
  0x00000000574c1000 VMThread [stack: 0x0000000058510000,0x0000000058610000] [id=8904]
  0x0000000058967800 WatcherThread [stack: 0x00000000596c0000,0x00000000597c0000] [id=7964]

VM state:not at safepoint (normal execution)

VM Mutex/Monitor currently owned by a thread:  ([mutex/lock_event])
[0x0000000002059300] Compile_lock - owner thread: 0x00000000588eb000
[0x0000000002059400] MethodCompileQueue_lock - owner thread: 0x00000000588eb000

Heap:
 PSYoungGen      total 646144K, used 488736K [0x00000000d6100000, 0x0000000100000000, 0x0000000100000000)
  eden space 622592K, 77% used [0x00000000d6100000,0x00000000f39700f8,0x00000000fc100000)
  from space 23552K, 21% used [0x00000000fc100000,0x00000000fc5d8000,0x00000000fd800000)
  to   space 23040K, 0% used [0x00000000fe980000,0x00000000fe980000,0x0000000100000000)
 ParOldGen       total 94208K, used 34155K [0x0000000082200000, 0x0000000087e00000, 0x00000000d6100000)
  object space 94208K, 36% used [0x0000000082200000,0x000000008435adb8,0x0000000087e00000)
 Metaspace       used 60297K, capacity 63030K, committed 63280K, reserved 1103872K
  class space    used 8000K, capacity 8476K, committed 8496K, reserved 1048576K

Card table byte_map: [0x0000000011cc0000,0x00000000120b0000] byte_map_base: 0x00000000118af000

Marking Bits: (ParMarkBitMap*) 0x000000006028b6d0
 Begin Bits: [0x0000000012850000, 0x00000000147c8000)
 End Bits:   [0x00000000147c8000, 0x0000000016740000)

Polling page: 0x00000000001d0000

CodeCache: size=245760Kb used=17784Kb max_used=17806Kb free=227975Kb
 bounds [0x0000000002900000, 0x0000000003a80000, 0x0000000011900000]
 total_blobs=5605 nmethods=5064 adapters=453
 compilation: enabled

Compilation events (10 events):
Event: 152334.025 Thread 0x00000000588eb000 nmethod 6134 0x000000000394d650 code [0x000000000394d7a0, 0x000000000394d8f0]
Event: 152334.083 Thread 0x00000000588eb000 6135   !   3       sun.net.spi.DefaultProxySelector$3::run (637 bytes)
Event: 152334.192 Thread 0x00000000588e8800 6138  s    4       org.postgresql.jdbc.TypeInfoCache::addCoreType (245 bytes)
Event: 152335.636 Thread 0x00000000588eb000 nmethod 6135 0x0000000003a5f950 code [0x0000000003a60000, 0x0000000003a64498]
Event: 152335.636 Thread 0x00000000588eb000 6137       3       sun.util.calendar.CalendarDate::setYear (20 bytes)
Event: 152335.636 Thread 0x00000000588eb000 nmethod 6137 0x000000000395d0d0 code [0x000000000395d220, 0x000000000395d3b0]
Event: 152335.636 Thread 0x00000000588eb000 6136       3       java.lang.Enum::compareTo (44 bytes)
Event: 152335.636 Thread 0x00000000588eb000 nmethod 6136 0x0000000003517cd0 code [0x0000000003517e80, 0x0000000003518748]
Event: 152338.088 Thread 0x00000000588e8800 nmethod 6138 0x0000000003a6eb90 code [0x0000000003a6f1c0, 0x0000000003a74e08]
Event: 152643.738 Thread 0x00000000588eb000 6139 % !   3       org.apache.tomcat.util.net.NioEndpoint$Poller::run @ 0 (263 bytes)

GC Heap History (10 events):
Event: 10.196 GC heap before
{Heap before GC invocations=10 (full 2):
 PSYoungGen      total 270848K, used 259072K [0x00000000d6100000, 0x00000000f4780000, 0x0000000100000000)
  eden space 259072K, 100% used [0x00000000d6100000,0x00000000e5e00000,0x00000000e5e00000)
  from space 11776K, 0% used [0x00000000e5e00000,0x00000000e5e00000,0x00000000e6980000)
  to   space 15360K, 0% used [0x00000000f3880000,0x00000000f3880000,0x00000000f4780000)
 ParOldGen       total 68608K, used 19440K [0x0000000082200000, 0x0000000086500000, 0x00000000d6100000)
  object space 68608K, 28% used [0x0000000082200000,0x00000000834fc0f0,0x0000000086500000)
 Metaspace       used 52519K, capacity 54890K, committed 55216K, reserved 1097728K
  class space    used 7042K, capacity 7480K, committed 7600K, reserved 1048576K
Event: 10.224 GC heap after
Heap after GC invocations=10 (full 2):
 PSYoungGen      total 468992K, used 15355K [0x00000000d6100000, 0x00000000f4780000, 0x0000000100000000)
  eden space 453632K, 0% used [0x00000000d6100000,0x00000000d6100000,0x00000000f1c00000)
  from space 15360K, 99% used [0x00000000f3880000,0x00000000f477eca0,0x00000000f4780000)
  to   space 22016K, 0% used [0x00000000f1c80000,0x00000000f1c80000,0x00000000f3200000)
 ParOldGen       total 68608K, used 28401K [0x0000000082200000, 0x0000000086500000, 0x00000000d6100000)
  object space 68608K, 41% used [0x0000000082200000,0x0000000083dbc5e0,0x0000000086500000)
 Metaspace       used 52519K, capacity 54890K, committed 55216K, reserved 1097728K
  class space    used 7042K, capacity 7480K, committed 7600K, reserved 1048576K
}
Event: 16.137 GC heap before
{Heap before GC invocations=11 (full 2):
 PSYoungGen      total 468992K, used 131132K [0x00000000d6100000, 0x00000000f4780000, 0x0000000100000000)
  eden space 453632K, 25% used [0x00000000d6100000,0x00000000dd210660,0x00000000f1c00000)
  from space 15360K, 99% used [0x00000000f3880000,0x00000000f477eca0,0x00000000f4780000)
  to   space 22016K, 0% used [0x00000000f1c80000,0x00000000f1c80000,0x00000000f3200000)
 ParOldGen       total 68608K, used 28401K [0x0000000082200000, 0x0000000086500000, 0x00000000d6100000)
  object space 68608K, 41% used [0x0000000082200000,0x0000000083dbc5e0,0x0000000086500000)
 Metaspace       used 56521K, capacity 59012K, committed 59160K, reserved 1099776K
  class space    used 7584K, capacity 8033K, committed 8112K, reserved 1048576K
Event: 16.205 GC heap after
Heap after GC invocations=11 (full 2):
 PSYoungGen      total 476160K, used 18018K [0x00000000d6100000, 0x0000000100000000, 0x0000000100000000)
  eden space 454144K, 0% used [0x00000000d6100000,0x00000000d6100000,0x00000000f1c80000)
  from space 22016K, 81% used [0x00000000f1c80000,0x00000000f2e18860,0x00000000f3200000)
  to   space 24064K, 0% used [0x00000000fe880000,0x00000000fe880000,0x0000000100000000)
 ParOldGen       total 68608K, used 28409K [0x0000000082200000, 0x0000000086500000, 0x00000000d6100000)
  object space 68608K, 41% used [0x0000000082200000,0x0000000083dbe5e0,0x0000000086500000)
 Metaspace       used 56521K, capacity 59012K, committed 59160K, reserved 1099776K
  class space    used 7584K, capacity 8033K, committed 8112K, reserved 1048576K
}
Event: 16.205 GC heap before
{Heap before GC invocations=12 (full 3):
 PSYoungGen      total 476160K, used 18018K [0x00000000d6100000, 0x0000000100000000, 0x0000000100000000)
  eden space 454144K, 0% used [0x00000000d6100000,0x00000000d6100000,0x00000000f1c80000)
  from space 22016K, 81% used [0x00000000f1c80000,0x00000000f2e18860,0x00000000f3200000)
  to   space 24064K, 0% used [0x00000000fe880000,0x00000000fe880000,0x0000000100000000)
 ParOldGen       total 68608K, used 28409K [0x0000000082200000, 0x0000000086500000, 0x00000000d6100000)
  object space 68608K, 41% used [0x0000000082200000,0x0000000083dbe5e0,0x0000000086500000)
 Metaspace       used 56521K, capacity 59012K, committed 59160K, reserved 1099776K
  class space    used 7584K, capacity 8033K, committed 8112K, reserved 1048576K
Event: 16.726 GC heap after
Heap after GC invocations=12 (full 3):
 PSYoungGen      total 476160K, used 0K [0x00000000d6100000, 0x0000000100000000, 0x0000000100000000)
  eden space 454144K, 0% used [0x00000000d6100000,0x00000000d6100000,0x00000000f1c80000)
  from space 22016K, 0% used [0x00000000f1c80000,0x00000000f1c80000,0x00000000f3200000)
  to   space 24064K, 0% used [0x00000000fe880000,0x00000000fe880000,0x0000000100000000)
 ParOldGen       total 94208K, used 32632K [0x0000000082200000, 0x0000000087e00000, 0x00000000d6100000)
  object space 94208K, 34% used [0x0000000082200000,0x00000000841de3d8,0x0000000087e00000)
 Metaspace       used 56514K, capacity 59000K, committed 59160K, reserved 1099776K
  class space    used 7583K, capacity 8031K, committed 8112K, reserved 1048576K
}
Event: 12423.868 GC heap before
{Heap before GC invocations=13 (full 3):
 PSYoungGen      total 476160K, used 454144K [0x00000000d6100000, 0x0000000100000000, 0x0000000100000000)
  eden space 454144K, 100% used [0x00000000d6100000,0x00000000f1c80000,0x00000000f1c80000)
  from space 22016K, 0% used [0x00000000f1c80000,0x00000000f1c80000,0x00000000f3200000)
  to   space 24064K, 0% used [0x00000000fe880000,0x00000000fe880000,0x0000000100000000)
 ParOldGen       total 94208K, used 32632K [0x0000000082200000, 0x0000000087e00000, 0x00000000d6100000)
  object space 94208K, 34% used [0x0000000082200000,0x00000000841de3d8,0x0000000087e00000)
 Metaspace       used 60093K, capacity 62774K, committed 63024K, reserved 1103872K
  class space    used 7999K, capacity 8476K, committed 8496K, reserved 1048576K
Event: 12423.944 GC heap after
Heap after GC invocations=13 (full 3):
 PSYoungGen      total 612864K, used 6260K [0x00000000d6100000, 0x00000000fef00000, 0x0000000100000000)
  eden space 606208K, 0% used [0x00000000d6100000,0x00000000d6100000,0x00000000fb100000)
  from space 6656K, 94% used [0x00000000fe880000,0x00000000fee9d0f0,0x00000000fef00000)
  to   space 23552K, 0% used [0x00000000fc100000,0x00000000fc100000,0x00000000fd800000)
 ParOldGen       total 94208K, used 32640K [0x0000000082200000, 0x0000000087e00000, 0x00000000d6100000)
  object space 94208K, 34% used [0x0000000082200000,0x00000000841e03d8,0x0000000087e00000)
 Metaspace       used 60093K, capacity 62774K, committed 63024K, reserved 1103872K
  class space    used 7999K, capacity 8476K, committed 8496K, reserved 1048576K
}
Event: 103071.668 GC heap before
{Heap before GC invocations=14 (full 3):
 PSYoungGen      total 612864K, used 612468K [0x00000000d6100000, 0x00000000fef00000, 0x0000000100000000)
  eden space 606208K, 100% used [0x00000000d6100000,0x00000000fb100000,0x00000000fb100000)
  from space 6656K, 94% used [0x00000000fe880000,0x00000000fee9d0f0,0x00000000fef00000)
  to   space 23552K, 0% used [0x00000000fc100000,0x00000000fc100000,0x00000000fd800000)
 ParOldGen       total 94208K, used 32640K [0x0000000082200000, 0x0000000087e00000, 0x00000000d6100000)
  object space 94208K, 34% used [0x0000000082200000,0x00000000841e03d8,0x0000000087e00000)
 Metaspace       used 60242K, capacity 62966K, committed 63024K, reserved 1103872K
  class space    used 8000K, capacity 8476K, committed 8496K, reserved 1048576K
Event: 103072.580 GC heap after
Heap after GC invocations=14 (full 3):
 PSYoungGen      total 646144K, used 4960K [0x00000000d6100000, 0x0000000100000000, 0x0000000100000000)
  eden space 622592K, 0% used [0x00000000d6100000,0x00000000d6100000,0x00000000fc100000)
  from space 23552K, 21% used [0x00000000fc100000,0x00000000fc5d8000,0x00000000fd800000)
  to   space 23040K, 0% used [0x00000000fe980000,0x00000000fe980000,0x0000000100000000)
 ParOldGen       total 94208K, used 34155K [0x0000000082200000, 0x0000000087e00000, 0x00000000d6100000)
  object space 94208K, 36% used [0x0000000082200000,0x000000008435adb8,0x0000000087e00000)
 Metaspace       used 60242K, capacity 62966K, committed 63024K, reserved 1103872K
  class space    used 8000K, capacity 8476K, committed 8496K, reserved 1048576K
}

Deoptimization events (10 events):
Event: 16.750 Thread 0x000000005d05d000 Uncommon trap: reason=unstable_if action=reinterpret pc=0x0000000003823aa8 method=java.util.concurrent.ConcurrentHashMap.get(Ljava/lang/Object;)Ljava/lang/Object; @ 99
Event: 16.819 Thread 0x000000005d05d000 Uncommon trap: reason=unstable_if action=reinterpret pc=0x0000000002a6e1b0 method=java.nio.Buffer.limit(I)Ljava/nio/Buffer; @ 33
Event: 28.200 Thread 0x000000005d05e000 Uncommon trap: reason=unstable_if action=reinterpret pc=0x0000000002a0e418 method=java.nio.Buffer.<init>(IIII)V @ 66
Event: 33.987 Thread 0x000000005b215000 Uncommon trap: reason=unstable_if action=reinterpret pc=0x0000000002a27c80 method=java.lang.CharacterData.of(I)Ljava/lang/CharacterData; @ 4
Event: 33.999 Thread 0x000000005b215000 Uncommon trap: reason=unstable_if action=reinterpret pc=0x0000000002cbf88c method=java.util.regex.Pattern$BmpCharProperty.match(Ljava/util/regex/Matcher;ILjava/lang/CharSequence;)Z @ 34
Event: 36.467 Thread 0x000000005b216000 Uncommon trap: reason=bimorphic action=maybe_recompile pc=0x00000000032c2760 method=java.util.Collections$SetFromMap.contains(Ljava/lang/Object;)Z @ 5
Event: 1023.730 Thread 0x000000005d058800 Uncommon trap: reason=unstable_if action=reinterpret pc=0x0000000002a5324c method=sun.nio.cs.UTF_8$Encoder.encode([CII[B)I @ 33
Event: 100501.756 Thread 0x000000005b219000 Uncommon trap: reason=unstable_if action=reinterpret pc=0x000000000396c130 method=sun.nio.ch.WindowsSelectorImpl.resetWakeupSocket()V @ 11
Event: 100501.787 Thread 0x000000005b219000 Uncommon trap: reason=unstable_if action=reinterpret pc=0x000000000380ea94 method=org.apache.tomcat.util.net.NioEndpoint$Poller.events()Z @ 18
Event: 100501.824 Thread 0x000000005b219000 Uncommon trap: reason=unstable_if action=reinterpret pc=0x0000000002a6fa00 method=org.apache.tomcat.util.net.NioEndpoint$Poller.timeout(IZ)V @ 18

Internal exceptions (10 events):
Event: 10.855 Thread 0x000000005d05c800 Exception <a 'java/lang/ClassNotFoundException': org/springframework/web/servlet/ViewCustomizer> (0x00000000db68e028) thrown at [C:\re\workspace\8-2-build-windows-amd64-cygwin\jdk8u121\8372\hotspot\src\share\vm\classfile\systemDictionary.cpp, line 210]
Event: 10.855 Thread 0x000000005d05c800 Exception <a 'java/lang/ClassNotFoundException': org/springframework/beans/factory/BeanNameAwareCustomizer> (0x00000000db6a90f8) thrown at [C:\re\workspace\8-2-build-windows-amd64-cygwin\jdk8u121\8372\hotspot\src\share\vm\classfile\systemDictionary.cpp, l
Event: 10.856 Thread 0x000000005d05c800 Exception <a 'java/lang/ClassNotFoundException': org/springframework/web/context/ServletContextAwareCustomizer> (0x00000000db6c2e80) thrown at [C:\re\workspace\8-2-build-windows-amd64-cygwin\jdk8u121\8372\hotspot\src\share\vm\classfile\systemDictionary.cp
Event: 10.857 Thread 0x000000005d05c800 Exception <a 'java/lang/ClassNotFoundException': org/springframework/context/ApplicationContextAwareCustomizer> (0x00000000db6dd070) thrown at [C:\re\workspace\8-2-build-windows-amd64-cygwin\jdk8u121\8372\hotspot\src\share\vm\classfile\systemDictionary.cp
Event: 28.221 Thread 0x000000005d05e000 Exception <a 'java/lang/ClassNotFoundException': java/lang/ObjectCustomizer> (0x00000000d6f44600) thrown at [C:\re\workspace\8-2-build-windows-amd64-cygwin\jdk8u121\8372\hotspot\src\share\vm\classfile\systemDictionary.cpp, line 210]
Event: 28.231 Thread 0x000000005d05e000 Exception <a 'java/lang/ClassNotFoundException': com/apap/tutorial4/model/PilotModelCustomizer> (0x00000000d6f5eb48) thrown at [C:\re\workspace\8-2-build-windows-amd64-cygwin\jdk8u121\8372\hotspot\src\share\vm\classfile\systemDictionary.cpp, line 210]
Event: 36.464 Thread 0x000000005b216000 Exception <a 'java/lang/ClassNotFoundException': java/lang/ObjectCustomizer> (0x00000000d883d1b0) thrown at [C:\re\workspace\8-2-build-windows-amd64-cygwin\jdk8u121\8372\hotspot\src\share\vm\classfile\systemDictionary.cpp, line 210]
Event: 36.466 Thread 0x000000005b216000 Exception <a 'java/lang/ClassNotFoundException': com/apap/tutorial4/model/FlightModelCustomizer> (0x00000000d8857940) thrown at [C:\re\workspace\8-2-build-windows-amd64-cygwin\jdk8u121\8372\hotspot\src\share\vm\classfile\systemDictionary.cpp, line 210]
Event: 46.690 Thread 0x000000005b214800 Exception <a 'java/lang/NoSuchMethodError': java.lang.Object.lambda$mapIfAllPresent$6(Ljava/util/Optional;Ljava/util/function/BiFunction;Ljava/lang/Object;)Ljava/util/Optional;> (0x00000000d8ad3240) thrown at [C:\re\workspace\8-2-build-windows-amd64-cygwi
Event: 46.690 Thread 0x000000005b214800 Exception <a 'java/lang/NoSuchMethodError': java.lang.Object.lambda$null$5(Ljava/util/function/BiFunction;Ljava/lang/Object;Ljava/lang/Object;)Ljava/lang/Object;> (0x00000000d8ad7978) thrown at [C:\re\workspace\8-2-build-windows-amd64-cygwin\jdk8u121\8372

Events (10 events):
Event: 152332.814 Executing VM operation: RevokeBias
Event: 152332.814 Executing VM operation: RevokeBias done
Event: 152332.814 Executing VM operation: RevokeBias
Event: 152332.814 Executing VM operation: RevokeBias done
Event: 152337.815 Executing VM operation: RevokeBias
Event: 152337.815 Executing VM operation: RevokeBias done
Event: 152337.815 Thread 0x00000000610cf800 Thread exited: 0x00000000610cf800
Event: 152339.732 Executing VM operation: BulkRevokeBias
Event: 152339.732 Executing VM operation: BulkRevokeBias done
Event: 152339.732 Thread 0x00000000610d1000 Thread exited: 0x00000000610d1000


Dynamic libraries:
0x000000013f370000 - 0x000000013f3a7000 	D:\New Folder\bin\java.exe
0x0000000076d50000 - 0x0000000076ef9000 	C:\Windows\SYSTEM32\ntdll.dll
0x0000000076c30000 - 0x0000000076d4f000 	C:\Windows\system32\kernel32.dll
0x000007fefcdb0000 - 0x000007fefce1b000 	C:\Windows\system32\KERNELBASE.dll
0x000007fefecb0000 - 0x000007fefed8b000 	C:\Windows\system32\ADVAPI32.dll
0x000007fefeae0000 - 0x000007fefeb7f000 	C:\Windows\system32\msvcrt.dll
0x000007fefe790000 - 0x000007fefe7af000 	C:\Windows\SYSTEM32\sechost.dll
0x000007fefee40000 - 0x000007fefef6d000 	C:\Windows\system32\RPCRT4.dll
0x0000000076b30000 - 0x0000000076c2a000 	C:\Windows\system32\USER32.dll
0x000007fefe510000 - 0x000007fefe577000 	C:\Windows\system32\GDI32.dll
0x000007fefd660000 - 0x000007fefd66e000 	C:\Windows\system32\LPK.dll
0x000007fefe830000 - 0x000007fefe8f9000 	C:\Windows\system32\USP10.dll
0x000007fefbf80000 - 0x000007fefc174000 	C:\Windows\WinSxS\amd64_microsoft.windows.common-controls_6595b64144ccf1df_6.0.7601.17514_none_fa396087175ac9ac\COMCTL32.dll
0x000007fefed90000 - 0x000007fefee01000 	C:\Windows\system32\SHLWAPI.dll
0x000007fefee10000 - 0x000007fefee3e000 	C:\Windows\system32\IMM32.DLL
0x000007fefd670000 - 0x000007fefd779000 	C:\Windows\system32\MSCTF.dll
0x000000006c0c0000 - 0x000000006c192000 	D:\New Folder\jre\bin\msvcr100.dll
0x000000005fa70000 - 0x000000006030b000 	D:\New Folder\jre\bin\server\jvm.dll
0x000007fef7310000 - 0x000007fef7319000 	C:\Windows\system32\WSOCK32.dll
0x000007fefd090000 - 0x000007fefd0dd000 	C:\Windows\system32\WS2_32.dll
0x000007feff050000 - 0x000007feff058000 	C:\Windows\system32\NSI.dll
0x000007fefa9a0000 - 0x000007fefa9db000 	C:\Windows\system32\WINMM.dll
0x000007fefbad0000 - 0x000007fefbadc000 	C:\Windows\system32\VERSION.dll
0x0000000076f10000 - 0x0000000076f17000 	C:\Windows\system32\PSAPI.DLL
0x0000000073a10000 - 0x0000000073a1f000 	D:\New Folder\jre\bin\verify.dll
0x00000000739e0000 - 0x0000000073a09000 	D:\New Folder\jre\bin\java.dll
0x00000000739c0000 - 0x00000000739d6000 	D:\New Folder\jre\bin\zip.dll
0x000007fefd780000 - 0x000007fefe508000 	C:\Windows\system32\SHELL32.dll
0x000007fefe580000 - 0x000007fefe783000 	C:\Windows\system32\ole32.dll
0x000007fefcca0000 - 0x000007fefccaf000 	C:\Windows\system32\profapi.dll
0x000007fefa3f0000 - 0x000007fefa400000 	C:\Program Files (x86)\JetBrains\IntelliJ IDEA Community Edition 2016.3.4\bin\breakgen64.dll
0x00000000739a0000 - 0x00000000739ba000 	D:\New Folder\jre\bin\net.dll
0x000007fefc4b0000 - 0x000007fefc505000 	C:\Windows\system32\mswsock.dll
0x000007fefca60000 - 0x000007fefca67000 	C:\Windows\System32\wship6.dll
0x00000000738c0000 - 0x00000000738cd000 	D:\New Folder\jre\bin\management.dll
0x000007fefb1b0000 - 0x000007fefb1c5000 	C:\Windows\system32\NLAapi.dll
0x000007fef56b0000 - 0x000007fef56c5000 	C:\Windows\system32\napinsp.dll
0x000007fef5690000 - 0x000007fef56a9000 	C:\Windows\system32\pnrpnsp.dll
0x000007fefc340000 - 0x000007fefc39b000 	C:\Windows\system32\DNSAPI.dll
0x000007fef5680000 - 0x000007fef568b000 	C:\Windows\System32\winrnr.dll
0x000007fef5670000 - 0x000007fef5680000 	C:\Windows\system32\wshbth.dll
0x000007fefbba0000 - 0x000007fefbba7000 	C:\Windows\System32\wshtcpip.dll
0x000007fefa4d0000 - 0x000007fefa4f7000 	C:\Windows\system32\IPHLPAPI.DLL
0x000007fefa4a0000 - 0x000007fefa4ab000 	C:\Windows\system32\WINNSI.DLL
0x000007fefa3b0000 - 0x000007fefa3b8000 	C:\Windows\system32\rasadhlp.dll
0x000007fefb7f0000 - 0x000007fefb843000 	C:\Windows\System32\fwpuclnt.dll
0x0000000073980000 - 0x0000000073991000 	D:\New Folder\jre\bin\nio.dll
0x000007fefc510000 - 0x000007fefc528000 	C:\Windows\system32\CRYPTSP.dll
0x000007fefc1a0000 - 0x000007fefc1e7000 	C:\Windows\system32\rsaenh.dll
0x000007fefbce0000 - 0x000007fefbcfe000 	C:\Windows\system32\USERENV.dll
0x000007fefcbd0000 - 0x000007fefcbdf000 	C:\Windows\system32\CRYPTBASE.dll
0x000007fefb7c0000 - 0x000007fefb7d8000 	C:\Windows\system32\dhcpcsvc.DLL
0x000007fefb7a0000 - 0x000007fefb7b1000 	C:\Windows\system32\dhcpcsvc6.DLL
0x000007feed5f0000 - 0x000007feed715000 	C:\Windows\system32\dbghelp.dll

VM Arguments:
jvm_args: -Didea.launcher.port=7534 -Didea.launcher.bin.path=C:\Program Files (x86)\JetBrains\IntelliJ IDEA Community Edition 2016.3.4\bin -Dfile.encoding=UTF-8 
java_command: com.intellij.rt.execution.application.AppMain com.apap.tutorial4.Tutorial4Application
java_class_path (initial): D:\New Folder\jre\lib\charsets.jar;D:\New Folder\jre\lib\deploy.jar;D:\New Folder\jre\lib\ext\access-bridge-64.jar;D:\New Folder\jre\lib\ext\cldrdata.jar;D:\New Folder\jre\lib\ext\dnsns.jar;D:\New Folder\jre\lib\ext\jaccess.jar;D:\New Folder\jre\lib\ext\jfxrt.jar;D:\New Folder\jre\lib\ext\localedata.jar;D:\New Folder\jre\lib\ext\nashorn.jar;D:\New Folder\jre\lib\ext\sunec.jar;D:\New Folder\jre\lib\ext\sunjce_provider.jar;D:\New Folder\jre\lib\ext\sunmscapi.jar;D:\New Folder\jre\lib\ext\sunpkcs11.jar;D:\New Folder\jre\lib\ext\zipfs.jar;D:\New Folder\jre\lib\javaws.jar;D:\New Folder\jre\lib\jce.jar;D:\New Folder\jre\lib\jfr.jar;D:\New Folder\jre\lib\jfxswt.jar;D:\New Folder\jre\lib\jsse.jar;D:\New Folder\jre\lib\management-agent.jar;D:\New Folder\jre\lib\plugin.jar;D:\New Folder\jre\lib\resources.jar;D:\New Folder\jre\lib\rt.jar;D:\APAP\tutorial4\target\classes;C:\Users\esak\.m2\repository\org\springframework\boot\spring-boot-starter-data-jpa\2.0.5.RELEASE\spring-boot-starter-data-jpa-2.0.5.RELEASE.jar;C:\Users\esak\.m2\repository\org\springframework\boot\spring-boot-starter\2.0.5.RELEASE\spring-boot-starter-2.0.5.RELEASE.jar;C:\Users\esak\.m2\repository\org\springframework\boot\spring-boot-starter-logging\2.0.5.RELEASE\spring-boot-starter-logging-2.0.5.RELEASE.jar;C:\Users\esak\.m2\repository\ch\qos\logback\logback-classic\1.2.3\logback-classic-1.2.3.jar;C:\Users\esak\.m2\repository\ch\qos\logback\logback-core\1.2.3\logback-core-1.2.3.jar;C:\Users\esak\.m2\repository\org\apache\logging\log4j\log4j-to-slf4j\2.10.0\log4j-to-slf4j-2.10.0.jar;C:\Users\esak\.m2\repository\org\apache\logging\log4j\log4j-api\2.10.0\log4j-api-2.10.0.jar;C:\Users\esak\.m2\repository\org\slf4j\jul-to-slf4j\1.7.25\jul-to-slf4j-1.7.25.jar;C:\Users\esak\.m2\repository\javax\annotation\javax.annotation-api\1.3.2\javax.annotation-api-1.3.2.jar;C:\Users\esak\.m2\repository\org\yaml\snakeyaml\1.19\snakeyaml-1.19.jar;C:\Users\esak\.m2\repository\org\springframework\boot\sp
Launcher Type: SUN_STANDARD

Environment Variables:
PATH=C:\ProgramData\Oracle\Java\javapath;C:\Program Files (x86)\NVIDIA Corporation\PhysX\Common;C:\Windows\system32;C:\Windows;C:\Windows\System32\Wbem;C:\Windows\System32\WindowsPowerShell\v1.0\;C:\Program Files\Intel\WiFi\bin\;C:\Program Files\Common Files\Intel\WirelessCommon\;C:\Program Files (x86)\Intel\OpenCL SDK\2.0\bin\x86;C:\Program Files (x86)\Intel\OpenCL SDK\2.0\bin\x64;C:\Program Files (x86)\Common Files\Autodesk Shared\;C:\Program Files (x86)\backburner 2\;D:\Git\cmd;D:\New Folder\bin;C:\Program Files\Intel\WiFi\bin\;C:\Program Files\Common Files\Intel\WirelessCommon\;C:\Program Files\Microsoft VS Code\bin;C:\Program Files\Heroku\bin
USERNAME=esak
OS=Windows_NT
PROCESSOR_IDENTIFIER=Intel64 Family 6 Model 58 Stepping 9, GenuineIntel



---------------  S Y S T E M  ---------------

OS: Windows 7 , 64 bit Build 7601 (6.1.7601.17514)

CPU:total 4 (2 cores per cpu, 2 threads per core) family 6 model 58 stepping 9, cmov, cx8, fxsr, mmx, sse, sse2, sse3, ssse3, sse4.1, sse4.2, popcnt, avx, aes, clmul, erms, ht, tsc, tscinvbit, tscinv

Memory: 4k page, physical 8246888k(3427992k free), swap 16491920k(9661256k free)

vm_info: Java HotSpot(TM) 64-Bit Server VM (25.121-b13) for windows-amd64 JRE (1.8.0_121-b13), built on Dec 12 2016 18:21:36 by "java_re" with MS VC++ 10.0 (VS2010)

time: Sun Oct 07 08:57:52 2018
elapsed time: 152681 seconds (1d 18h 24m 41s)

